<?xml version="1.0" encoding="UTF-8"?>
<!-- Generated by org.testng.reporters.JUnitReportReporter -->
<testsuite hostname="LAPTOP-TPFSN6P1" failures="0" tests="1" name="Extent_Reports.ExtentReport_Test2" time="9.477" errors="0" timestamp="2021-09-11T18:49:27 IST" skipped="0">
  <testcase classname="Extent_Reports.ExtentReport_Test2" name="Report3_Test" time="9.477"/>
  <system-out/>
</testsuite> <!-- Extent_Reports.ExtentReport_Test2 -->
